{"/Users/tobilobaowolabi/Desktop/Flutterwave Technical Assessment/server.js": {"path":"/Users/tobilobaowolabi/Desktop/Flutterwave Technical Assessment/server.js","statementMap":{"0":{"start":{"line":1,"column":16},"end":{"line":1,"column":34}},"1":{"start":{"line":3,"column":12},"end":{"line":3,"column":21}},"2":{"start":{"line":4,"column":0},"end":{"line":4,"column":23}},"3":{"start":{"line":8,"column":16},"end":{"line":35,"column":1}},"4":{"start":{"line":10,"column":21},"end":{"line":16,"column":3}},"5":{"start":{"line":18,"column":2},"end":{"line":34,"column":3}},"6":{"start":{"line":20,"column":6},"end":{"line":20,"column":54}},"7":{"start":{"line":22,"column":6},"end":{"line":22,"column":54}},"8":{"start":{"line":24,"column":6},"end":{"line":24,"column":51}},"9":{"start":{"line":26,"column":6},"end":{"line":26,"column":52}},"10":{"start":{"line":28,"column":6},"end":{"line":30,"column":7}},"11":{"start":{"line":29,"column":8},"end":{"line":29,"column":20}},"12":{"start":{"line":31,"column":6},"end":{"line":31,"column":60}},"13":{"start":{"line":33,"column":6},"end":{"line":33,"column":19}},"14":{"start":{"line":38,"column":0},"end":{"line":50,"column":2}},"15":{"start":{"line":39,"column":2},"end":{"line":49,"column":4}},"16":{"start":{"line":52,"column":0},"end":{"line":132,"column":3}},"17":{"start":{"line":53,"column":15},"end":{"line":53,"column":28}},"18":{"start":{"line":54,"column":15},"end":{"line":54,"column":28}},"19":{"start":{"line":57,"column":2},"end":{"line":63,"column":3}},"20":{"start":{"line":58,"column":4},"end":{"line":62,"column":7}},"21":{"start":{"line":65,"column":2},"end":{"line":71,"column":3}},"22":{"start":{"line":66,"column":4},"end":{"line":70,"column":7}},"23":{"start":{"line":74,"column":2},"end":{"line":80,"column":3}},"24":{"start":{"line":75,"column":4},"end":{"line":79,"column":7}},"25":{"start":{"line":82,"column":2},"end":{"line":92,"column":3}},"26":{"start":{"line":87,"column":4},"end":{"line":91,"column":7}},"27":{"start":{"line":94,"column":2},"end":{"line":100,"column":3}},"28":{"start":{"line":95,"column":4},"end":{"line":99,"column":7}},"29":{"start":{"line":103,"column":2},"end":{"line":131,"column":3}},"30":{"start":{"line":104,"column":4},"end":{"line":116,"column":7}},"31":{"start":{"line":118,"column":4},"end":{"line":130,"column":7}},"32":{"start":{"line":134,"column":0},"end":{"line":134,"column":20}}},"fnMap":{"0":{"name":"(anonymous_0)","decl":{"start":{"line":8,"column":16},"end":{"line":8,"column":17}},"loc":{"start":{"line":8,"column":70},"end":{"line":35,"column":1}},"line":8},"1":{"name":"(anonymous_1)","decl":{"start":{"line":38,"column":13},"end":{"line":38,"column":14}},"loc":{"start":{"line":38,"column":32},"end":{"line":50,"column":1}},"line":38},"2":{"name":"(anonymous_2)","decl":{"start":{"line":52,"column":27},"end":{"line":52,"column":28}},"loc":{"start":{"line":52,"column":47},"end":{"line":132,"column":1}},"line":52}},"branchMap":{"0":{"loc":{"start":{"line":18,"column":2},"end":{"line":34,"column":3}},"type":"switch","locations":[{"start":{"line":19,"column":4},"end":{"line":20,"column":54}},{"start":{"line":21,"column":4},"end":{"line":22,"column":54}},{"start":{"line":23,"column":4},"end":{"line":24,"column":51}},{"start":{"line":25,"column":4},"end":{"line":26,"column":52}},{"start":{"line":27,"column":4},"end":{"line":31,"column":60}},{"start":{"line":32,"column":4},"end":{"line":33,"column":19}}],"line":18},"1":{"loc":{"start":{"line":28,"column":6},"end":{"line":30,"column":7}},"type":"if","locations":[{"start":{"line":28,"column":6},"end":{"line":30,"column":7}},{"start":{"line":28,"column":6},"end":{"line":30,"column":7}}],"line":28},"2":{"loc":{"start":{"line":28,"column":9},"end":{"line":28,"column":88}},"type":"binary-expr","locations":[{"start":{"line":28,"column":9},"end":{"line":28,"column":44}},{"start":{"line":28,"column":48},"end":{"line":28,"column":88}}],"line":28},"3":{"loc":{"start":{"line":57,"column":2},"end":{"line":63,"column":3}},"type":"if","locations":[{"start":{"line":57,"column":2},"end":{"line":63,"column":3}},{"start":{"line":57,"column":2},"end":{"line":63,"column":3}}],"line":57},"4":{"loc":{"start":{"line":65,"column":2},"end":{"line":71,"column":3}},"type":"if","locations":[{"start":{"line":65,"column":2},"end":{"line":71,"column":3}},{"start":{"line":65,"column":2},"end":{"line":71,"column":3}}],"line":65},"5":{"loc":{"start":{"line":74,"column":2},"end":{"line":80,"column":3}},"type":"if","locations":[{"start":{"line":74,"column":2},"end":{"line":80,"column":3}},{"start":{"line":74,"column":2},"end":{"line":80,"column":3}}],"line":74},"6":{"loc":{"start":{"line":82,"column":2},"end":{"line":92,"column":3}},"type":"if","locations":[{"start":{"line":82,"column":2},"end":{"line":92,"column":3}},{"start":{"line":82,"column":2},"end":{"line":92,"column":3}}],"line":82},"7":{"loc":{"start":{"line":83,"column":4},"end":{"line":85,"column":29}},"type":"binary-expr","locations":[{"start":{"line":83,"column":4},"end":{"line":83,"column":38}},{"start":{"line":84,"column":4},"end":{"line":84,"column":24}},{"start":{"line":85,"column":4},"end":{"line":85,"column":29}}],"line":83},"8":{"loc":{"start":{"line":94,"column":2},"end":{"line":100,"column":3}},"type":"if","locations":[{"start":{"line":94,"column":2},"end":{"line":100,"column":3}},{"start":{"line":94,"column":2},"end":{"line":100,"column":3}}],"line":94},"9":{"loc":{"start":{"line":103,"column":2},"end":{"line":131,"column":3}},"type":"if","locations":[{"start":{"line":103,"column":2},"end":{"line":131,"column":3}},{"start":{"line":103,"column":2},"end":{"line":131,"column":3}}],"line":103}},"s":{"0":1,"1":1,"2":1,"3":1,"4":6,"5":6,"6":1,"7":1,"8":1,"9":1,"10":1,"11":0,"12":1,"13":1,"14":1,"15":1,"16":1,"17":10,"18":10,"19":10,"20":1,"21":9,"22":1,"23":8,"24":1,"25":7,"26":0,"27":7,"28":1,"29":6,"30":3,"31":3,"32":1},"f":{"0":6,"1":1,"2":10},"b":{"0":[1,1,1,1,1,1],"1":[0,1],"2":[1,1],"3":[1,9],"4":[1,8],"5":[1,7],"6":[0,7],"7":[7,1,1],"8":[1,6],"9":[3,3]},"_coverageSchema":"1a1c01bbd47fc00a2c39e90264f33305004495a9","hash":"a665028219dee716be276d8e3b53613bfe10bf73"}
}
