{"/Users/tobilobaowolabi/Desktop/Flutterwave Technical Assessment/server.js": {"path":"/Users/tobilobaowolabi/Desktop/Flutterwave Technical Assessment/server.js","statementMap":{"0":{"start":{"line":1,"column":16},"end":{"line":1,"column":34}},"1":{"start":{"line":3,"column":12},"end":{"line":3,"column":21}},"2":{"start":{"line":4,"column":0},"end":{"line":4,"column":23}},"3":{"start":{"line":7,"column":0},"end":{"line":17,"column":3}},"4":{"start":{"line":8,"column":2},"end":{"line":14,"column":3}},"5":{"start":{"line":9,"column":4},"end":{"line":13,"column":7}},"6":{"start":{"line":16,"column":2},"end":{"line":16,"column":9}},"7":{"start":{"line":21,"column":16},"end":{"line":48,"column":1}},"8":{"start":{"line":23,"column":21},"end":{"line":29,"column":3}},"9":{"start":{"line":31,"column":2},"end":{"line":47,"column":3}},"10":{"start":{"line":33,"column":6},"end":{"line":33,"column":54}},"11":{"start":{"line":35,"column":6},"end":{"line":35,"column":54}},"12":{"start":{"line":37,"column":6},"end":{"line":37,"column":51}},"13":{"start":{"line":39,"column":6},"end":{"line":39,"column":52}},"14":{"start":{"line":41,"column":6},"end":{"line":43,"column":7}},"15":{"start":{"line":42,"column":8},"end":{"line":42,"column":20}},"16":{"start":{"line":44,"column":6},"end":{"line":44,"column":60}},"17":{"start":{"line":46,"column":6},"end":{"line":46,"column":19}},"18":{"start":{"line":51,"column":0},"end":{"line":63,"column":2}},"19":{"start":{"line":52,"column":2},"end":{"line":62,"column":4}},"20":{"start":{"line":65,"column":0},"end":{"line":145,"column":3}},"21":{"start":{"line":66,"column":15},"end":{"line":66,"column":28}},"22":{"start":{"line":67,"column":15},"end":{"line":67,"column":28}},"23":{"start":{"line":70,"column":2},"end":{"line":76,"column":3}},"24":{"start":{"line":71,"column":4},"end":{"line":75,"column":7}},"25":{"start":{"line":78,"column":2},"end":{"line":84,"column":3}},"26":{"start":{"line":79,"column":4},"end":{"line":83,"column":7}},"27":{"start":{"line":87,"column":2},"end":{"line":93,"column":3}},"28":{"start":{"line":88,"column":4},"end":{"line":92,"column":7}},"29":{"start":{"line":95,"column":2},"end":{"line":105,"column":3}},"30":{"start":{"line":100,"column":4},"end":{"line":104,"column":7}},"31":{"start":{"line":107,"column":2},"end":{"line":113,"column":3}},"32":{"start":{"line":108,"column":4},"end":{"line":112,"column":7}},"33":{"start":{"line":116,"column":2},"end":{"line":144,"column":3}},"34":{"start":{"line":117,"column":4},"end":{"line":129,"column":7}},"35":{"start":{"line":131,"column":4},"end":{"line":143,"column":7}},"36":{"start":{"line":147,"column":0},"end":{"line":147,"column":20}}},"fnMap":{"0":{"name":"(anonymous_0)","decl":{"start":{"line":7,"column":8},"end":{"line":7,"column":9}},"loc":{"start":{"line":7,"column":33},"end":{"line":17,"column":1}},"line":7},"1":{"name":"(anonymous_1)","decl":{"start":{"line":21,"column":16},"end":{"line":21,"column":17}},"loc":{"start":{"line":21,"column":70},"end":{"line":48,"column":1}},"line":21},"2":{"name":"(anonymous_2)","decl":{"start":{"line":51,"column":13},"end":{"line":51,"column":14}},"loc":{"start":{"line":51,"column":32},"end":{"line":63,"column":1}},"line":51},"3":{"name":"(anonymous_3)","decl":{"start":{"line":65,"column":27},"end":{"line":65,"column":28}},"loc":{"start":{"line":65,"column":47},"end":{"line":145,"column":1}},"line":65}},"branchMap":{"0":{"loc":{"start":{"line":8,"column":2},"end":{"line":14,"column":3}},"type":"if","locations":[{"start":{"line":8,"column":2},"end":{"line":14,"column":3}},{"start":{"line":8,"column":2},"end":{"line":14,"column":3}}],"line":8},"1":{"loc":{"start":{"line":8,"column":6},"end":{"line":8,"column":71}},"type":"binary-expr","locations":[{"start":{"line":8,"column":6},"end":{"line":8,"column":32}},{"start":{"line":8,"column":36},"end":{"line":8,"column":54}},{"start":{"line":8,"column":58},"end":{"line":8,"column":71}}],"line":8},"2":{"loc":{"start":{"line":31,"column":2},"end":{"line":47,"column":3}},"type":"switch","locations":[{"start":{"line":32,"column":4},"end":{"line":33,"column":54}},{"start":{"line":34,"column":4},"end":{"line":35,"column":54}},{"start":{"line":36,"column":4},"end":{"line":37,"column":51}},{"start":{"line":38,"column":4},"end":{"line":39,"column":52}},{"start":{"line":40,"column":4},"end":{"line":44,"column":60}},{"start":{"line":45,"column":4},"end":{"line":46,"column":19}}],"line":31},"3":{"loc":{"start":{"line":41,"column":6},"end":{"line":43,"column":7}},"type":"if","locations":[{"start":{"line":41,"column":6},"end":{"line":43,"column":7}},{"start":{"line":41,"column":6},"end":{"line":43,"column":7}}],"line":41},"4":{"loc":{"start":{"line":41,"column":9},"end":{"line":41,"column":88}},"type":"binary-expr","locations":[{"start":{"line":41,"column":9},"end":{"line":41,"column":44}},{"start":{"line":41,"column":48},"end":{"line":41,"column":88}}],"line":41},"5":{"loc":{"start":{"line":70,"column":2},"end":{"line":76,"column":3}},"type":"if","locations":[{"start":{"line":70,"column":2},"end":{"line":76,"column":3}},{"start":{"line":70,"column":2},"end":{"line":76,"column":3}}],"line":70},"6":{"loc":{"start":{"line":78,"column":2},"end":{"line":84,"column":3}},"type":"if","locations":[{"start":{"line":78,"column":2},"end":{"line":84,"column":3}},{"start":{"line":78,"column":2},"end":{"line":84,"column":3}}],"line":78},"7":{"loc":{"start":{"line":87,"column":2},"end":{"line":93,"column":3}},"type":"if","locations":[{"start":{"line":87,"column":2},"end":{"line":93,"column":3}},{"start":{"line":87,"column":2},"end":{"line":93,"column":3}}],"line":87},"8":{"loc":{"start":{"line":95,"column":2},"end":{"line":105,"column":3}},"type":"if","locations":[{"start":{"line":95,"column":2},"end":{"line":105,"column":3}},{"start":{"line":95,"column":2},"end":{"line":105,"column":3}}],"line":95},"9":{"loc":{"start":{"line":96,"column":4},"end":{"line":98,"column":29}},"type":"binary-expr","locations":[{"start":{"line":96,"column":4},"end":{"line":96,"column":38}},{"start":{"line":97,"column":4},"end":{"line":97,"column":24}},{"start":{"line":98,"column":4},"end":{"line":98,"column":29}}],"line":96},"10":{"loc":{"start":{"line":107,"column":2},"end":{"line":113,"column":3}},"type":"if","locations":[{"start":{"line":107,"column":2},"end":{"line":113,"column":3}},{"start":{"line":107,"column":2},"end":{"line":113,"column":3}}],"line":107},"11":{"loc":{"start":{"line":116,"column":2},"end":{"line":144,"column":3}},"type":"if","locations":[{"start":{"line":116,"column":2},"end":{"line":144,"column":3}},{"start":{"line":116,"column":2},"end":{"line":144,"column":3}}],"line":116}},"s":{"0":1,"1":1,"2":1,"3":1,"4":0,"5":0,"6":0,"7":1,"8":7,"9":7,"10":1,"11":1,"12":1,"13":1,"14":2,"15":1,"16":1,"17":1,"18":1,"19":1,"20":1,"21":11,"22":11,"23":11,"24":1,"25":10,"26":1,"27":9,"28":1,"29":8,"30":0,"31":8,"32":1,"33":7,"34":3,"35":4,"36":1},"f":{"0":0,"1":7,"2":1,"3":11},"b":{"0":[0,0],"1":[0,0,0],"2":[1,1,1,1,2,1],"3":[1,1],"4":[2,1],"5":[1,10],"6":[1,9],"7":[1,8],"8":[0,8],"9":[8,1,1],"10":[1,7],"11":[3,4]},"_coverageSchema":"1a1c01bbd47fc00a2c39e90264f33305004495a9","hash":"33853bd07b1c069cc2d67945e4ec916eafc6e23d"}
}
