TN:
SF:server.js
FN:8,(anonymous_0)
FN:38,(anonymous_1)
FN:52,(anonymous_2)
FNF:3
FNH:3
FNDA:6,(anonymous_0)
FNDA:1,(anonymous_1)
FNDA:10,(anonymous_2)
DA:1,1
DA:3,1
DA:4,1
DA:8,1
DA:10,6
DA:18,6
DA:20,1
DA:22,1
DA:24,1
DA:26,1
DA:28,1
DA:29,0
DA:31,1
DA:33,1
DA:38,1
DA:39,1
DA:52,1
DA:53,10
DA:54,10
DA:57,10
DA:58,1
DA:65,9
DA:66,1
DA:74,8
DA:75,1
DA:82,7
DA:87,0
DA:94,7
DA:95,1
DA:103,6
DA:104,3
DA:118,3
DA:134,1
LF:33
LH:31
BRDA:18,0,0,1
BRDA:18,0,1,1
BRDA:18,0,2,1
BRDA:18,0,3,1
BRDA:18,0,4,1
BRDA:18,0,5,1
BRDA:28,1,0,0
BRDA:28,1,1,1
BRDA:28,2,0,1
BRDA:28,2,1,1
BRDA:57,3,0,1
BRDA:57,3,1,9
BRDA:65,4,0,1
BRDA:65,4,1,8
BRDA:74,5,0,1
BRDA:74,5,1,7
BRDA:82,6,0,0
BRDA:82,6,1,7
BRDA:83,7,0,7
BRDA:83,7,1,1
BRDA:83,7,2,1
BRDA:94,8,0,1
BRDA:94,8,1,6
BRDA:103,9,0,3
BRDA:103,9,1,3
BRF:25
BRH:23
end_of_record
