TN:
SF:server.js
FN:7,(anonymous_0)
FN:21,(anonymous_1)
FN:51,(anonymous_2)
FN:65,(anonymous_3)
FNF:4
FNH:3
FNDA:0,(anonymous_0)
FNDA:7,(anonymous_1)
FNDA:1,(anonymous_2)
FNDA:11,(anonymous_3)
DA:1,1
DA:3,1
DA:4,1
DA:7,1
DA:8,0
DA:9,0
DA:16,0
DA:21,1
DA:23,7
DA:31,7
DA:33,1
DA:35,1
DA:37,1
DA:39,1
DA:41,2
DA:42,1
DA:44,1
DA:46,1
DA:51,1
DA:52,1
DA:65,1
DA:66,11
DA:67,11
DA:70,11
DA:71,1
DA:78,10
DA:79,1
DA:87,9
DA:88,1
DA:95,8
DA:100,0
DA:108,8
DA:109,0
DA:116,8
DA:117,0
DA:124,8
DA:125,0
DA:132,8
DA:133,1
DA:141,7
DA:142,3
DA:156,4
DA:172,1
LF:43
LH:36
BRDA:8,0,0,0
BRDA:8,0,1,0
BRDA:8,1,0,0
BRDA:8,1,1,0
BRDA:8,1,2,0
BRDA:31,2,0,1
BRDA:31,2,1,1
BRDA:31,2,2,1
BRDA:31,2,3,1
BRDA:31,2,4,2
BRDA:31,2,5,1
BRDA:41,3,0,1
BRDA:41,3,1,1
BRDA:41,4,0,2
BRDA:41,4,1,1
BRDA:70,5,0,1
BRDA:70,5,1,10
BRDA:78,6,0,1
BRDA:78,6,1,9
BRDA:87,7,0,1
BRDA:87,7,1,8
BRDA:95,8,0,0
BRDA:95,8,1,8
BRDA:96,9,0,8
BRDA:96,9,1,1
BRDA:96,9,2,1
BRDA:108,10,0,0
BRDA:108,10,1,8
BRDA:116,11,0,0
BRDA:116,11,1,8
BRDA:124,12,0,0
BRDA:124,12,1,8
BRDA:132,13,0,1
BRDA:132,13,1,7
BRDA:141,14,0,3
BRDA:141,14,1,4
BRF:36
BRH:27
end_of_record
